<?xml version="1.0" encoding="UTF-8"?>
<!-- Generated by org.testng.reporters.JUnitReportReporter -->
<testsuite hostname="ManjuVengatesh" failures="0" tests="3" name="org.restapi.restAssured" time="2.016" errors="0" timestamp="2024-06-28T16:09:47 IST" skipped="2">
  <testcase classname="org.restapi.restAssured" name="restAssuredPut" time="2.016"/>
  <testcase classname="org.restapi.restAssured" name="restAssuredPost">
    <skipped/>
  </testcase> <!-- restAssuredPost -->
  <testcase classname="org.restapi.restAssured" name="restAssuredGet">
    <skipped/>
  </testcase> <!-- restAssuredGet -->
</testsuite> <!-- org.restapi.restAssured -->
