<?xml version="1.0" encoding="UTF-8"?>
<!-- Generated by org.testng.reporters.JUnitReportReporter -->
<testsuite hostname="ManjuVengatesh" failures="0" tests="2" name="org.restapi.restAssured" time="2.429" errors="0" timestamp="2024-06-28T15:24:30 IST" skipped="1">
  <testcase classname="org.restapi.restAssured" name="restAssuredPost" time="2.429"/>
  <testcase classname="org.restapi.restAssured" name="restAssuredGet">
    <skipped/>
  </testcase> <!-- restAssuredGet -->
</testsuite> <!-- org.restapi.restAssured -->
